<?xml version="1.0" encoding="UTF-8"?>
<!-- Generated by org.testng.reporters.JUnitReportReporter -->
<testsuite hostname="DESKTOP-3L9G43G" failures="0" tests="1" name="testRunner.TestRunnerClass" time="2.666" errors="0" timestamp="2025-02-20T15:46:52 IST" skipped="0">
  <testcase classname="testRunner.TestRunnerClass" name="runScenario" time="2.666"/>
</testsuite> <!-- testRunner.TestRunnerClass -->
